<?xml version="1.0" encoding="UTF-8"?>
<testsuite xmlns:xsi="http://www.w3.org/2001/XMLSchema-instance"
           xsi:noNamespaceSchemaLocation="https://maven.apache.org/surefire/maven-surefire-plugin/xsd/surefire-test-report-3.0.xsd" version="3.0" name="Lab2Maven.AppTest" time="0.047" tests="6" errors="0" skipped="0" failures="0">
  <properties>
    <property name="sun.desktop" value="windows"/>
    <property name="awt.toolkit" value="sun.awt.windows.WToolkit"/>
    <property name="file.encoding.pkg" value="sun.io"/>
    <property name="java.specification.version" value="1.8"/>
    <property name="sun.cpu.isalist" value="amd64"/>
    <property name="sun.jnu.encoding" value="Cp1252"/>
    <property name="java.class.path" value="C:\Users\csoka\IdeaProjects\VVSS\target\test-classes;C:\Users\csoka\IdeaProjects\VVSS\target\classes;C:\Users\csoka\.m2\repository\junit\junit\4.11\junit-4.11.jar;C:\Users\csoka\.m2\repository\org\hamcrest\hamcrest-core\1.3\hamcrest-core-1.3.jar;C:\Users\csoka\.m2\repository\org\apache\maven\plugins\maven-surefire-report-plugin\3.0.0-M3\maven-surefire-report-plugin-3.0.0-M3.jar;C:\Users\csoka\.m2\repository\org\apache\maven\surefire\surefire-report-parser\3.0.0-M3\surefire-report-parser-3.0.0-M3.jar;C:\Users\csoka\.m2\repository\org\apache\maven\surefire\surefire-logger-api\3.0.0-M3\surefire-logger-api-3.0.0-M3.jar;C:\Users\csoka\.m2\repository\org\apache\maven\reporting\maven-reporting-api\3.0\maven-reporting-api-3.0.jar;C:\Users\csoka\.m2\repository\org\apache\maven\maven-plugin-api\3.0\maven-plugin-api-3.0.jar;C:\Users\csoka\.m2\repository\org\apache\maven\maven-model\3.0\maven-model-3.0.jar;C:\Users\csoka\.m2\repository\org\apache\maven\maven-artifact\3.0\maven-artifact-3.0.jar;C:\Users\csoka\.m2\repository\org\sonatype\sisu\sisu-inject-plexus\1.4.2\sisu-inject-plexus-1.4.2.jar;C:\Users\csoka\.m2\repository\org\codehaus\plexus\plexus-classworlds\2.2.3\plexus-classworlds-2.2.3.jar;C:\Users\csoka\.m2\repository\org\sonatype\sisu\sisu-inject-bean\1.4.2\sisu-inject-bean-1.4.2.jar;C:\Users\csoka\.m2\repository\org\sonatype\sisu\sisu-guice\2.1.7\sisu-guice-2.1.7-noaop.jar;C:\Users\csoka\.m2\repository\org\apache\maven\reporting\maven-reporting-impl\3.0.0\maven-reporting-impl-3.0.0.jar;C:\Users\csoka\.m2\repository\org\apache\maven\maven-core\3.0\maven-core-3.0.jar;C:\Users\csoka\.m2\repository\org\apache\maven\maven-settings\3.0\maven-settings-3.0.jar;C:\Users\csoka\.m2\repository\org\apache\maven\maven-settings-builder\3.0\maven-settings-builder-3.0.jar;C:\Users\csoka\.m2\repository\org\apache\maven\maven-repository-metadata\3.0\maven-repository-metadata-3.0.jar;C:\Users\csoka\.m2\repository\org\apache\maven\maven-model-builder\3.0\maven-model-builder-3.0.jar;C:\Users\csoka\.m2\repository\org\apache\maven\maven-aether-provider\3.0\maven-aether-provider-3.0.jar;C:\Users\csoka\.m2\repository\org\sonatype\aether\aether-impl\1.7\aether-impl-1.7.jar;C:\Users\csoka\.m2\repository\org\sonatype\aether\aether-spi\1.7\aether-spi-1.7.jar;C:\Users\csoka\.m2\repository\org\sonatype\aether\aether-api\1.7\aether-api-1.7.jar;C:\Users\csoka\.m2\repository\org\sonatype\aether\aether-util\1.7\aether-util-1.7.jar;C:\Users\csoka\.m2\repository\org\codehaus\plexus\plexus-interpolation\1.14\plexus-interpolation-1.14.jar;C:\Users\csoka\.m2\repository\org\sonatype\plexus\plexus-sec-dispatcher\1.3\plexus-sec-dispatcher-1.3.jar;C:\Users\csoka\.m2\repository\org\sonatype\plexus\plexus-cipher\1.4\plexus-cipher-1.4.jar;C:\Users\csoka\.m2\repository\org\apache\maven\shared\maven-shared-utils\3.2.0\maven-shared-utils-3.2.0.jar;C:\Users\csoka\.m2\repository\commons-io\commons-io\2.5\commons-io-2.5.jar;C:\Users\csoka\.m2\repository\org\codehaus\plexus\plexus-utils\3.0.24\plexus-utils-3.0.24.jar;C:\Users\csoka\.m2\repository\org\apache\maven\doxia\doxia-sink-api\1.8\doxia-sink-api-1.8.jar;C:\Users\csoka\.m2\repository\org\apache\maven\doxia\doxia-logging-api\1.8\doxia-logging-api-1.8.jar;C:\Users\csoka\.m2\repository\org\apache\maven\doxia\doxia-decoration-model\1.8.1\doxia-decoration-model-1.8.1.jar;C:\Users\csoka\.m2\repository\org\codehaus\plexus\plexus-component-annotations\1.6\plexus-component-annotations-1.6.jar;C:\Users\csoka\.m2\repository\org\apache\maven\doxia\doxia-core\1.8\doxia-core-1.8.jar;C:\Users\csoka\.m2\repository\org\codehaus\plexus\plexus-container-default\1.7.1\plexus-container-default-1.7.1.jar;C:\Users\csoka\.m2\repository\org\apache\xbean\xbean-reflect\3.7\xbean-reflect-3.7.jar;C:\Users\csoka\.m2\repository\com\google\collections\google-collections\1.0\google-collections-1.0.jar;C:\Users\csoka\.m2\repository\org\apache\commons\commons-lang3\3.5\commons-lang3-3.5.jar;C:\Users\csoka\.m2\repository\org\apache\httpcomponents\httpclient\4.0.2\httpclient-4.0.2.jar;C:\Users\csoka\.m2\repository\commons-logging\commons-logging\1.1.1\commons-logging-1.1.1.jar;C:\Users\csoka\.m2\repository\commons-codec\commons-codec\1.3\commons-codec-1.3.jar;C:\Users\csoka\.m2\repository\org\apache\httpcomponents\httpcore\4.0.1\httpcore-4.0.1.jar;C:\Users\csoka\.m2\repository\org\apache\maven\doxia\doxia-site-renderer\1.8.1\doxia-site-renderer-1.8.1.jar;C:\Users\csoka\.m2\repository\org\apache\maven\doxia\doxia-skin-model\1.8.1\doxia-skin-model-1.8.1.jar;C:\Users\csoka\.m2\repository\org\apache\maven\doxia\doxia-module-xhtml\1.8\doxia-module-xhtml-1.8.jar;C:\Users\csoka\.m2\repository\org\codehaus\plexus\plexus-i18n\1.0-beta-7\plexus-i18n-1.0-beta-7.jar;C:\Users\csoka\.m2\repository\org\codehaus\plexus\plexus-velocity\1.2\plexus-velocity-1.2.jar;C:\Users\csoka\.m2\repository\org\apache\velocity\velocity\1.7\velocity-1.7.jar;C:\Users\csoka\.m2\repository\org\apache\velocity\velocity-tools\2.0\velocity-tools-2.0.jar;C:\Users\csoka\.m2\repository\commons-beanutils\commons-beanutils\1.7.0\commons-beanutils-1.7.0.jar;C:\Users\csoka\.m2\repository\commons-digester\commons-digester\1.8\commons-digester-1.8.jar;C:\Users\csoka\.m2\repository\commons-chain\commons-chain\1.1\commons-chain-1.1.jar;C:\Users\csoka\.m2\repository\commons-validator\commons-validator\1.3.1\commons-validator-1.3.1.jar;C:\Users\csoka\.m2\repository\dom4j\dom4j\1.1\dom4j-1.1.jar;C:\Users\csoka\.m2\repository\oro\oro\2.0.8\oro-2.0.8.jar;C:\Users\csoka\.m2\repository\sslext\sslext\1.2-0\sslext-1.2-0.jar;C:\Users\csoka\.m2\repository\org\apache\struts\struts-core\1.3.8\struts-core-1.3.8.jar;C:\Users\csoka\.m2\repository\antlr\antlr\2.7.2\antlr-2.7.2.jar;C:\Users\csoka\.m2\repository\org\apache\struts\struts-taglib\1.3.8\struts-taglib-1.3.8.jar;C:\Users\csoka\.m2\repository\org\apache\struts\struts-tiles\1.3.8\struts-tiles-1.3.8.jar;C:\Users\csoka\.m2\repository\commons-collections\commons-collections\3.2.1\commons-collections-3.2.1.jar;C:\Users\csoka\.m2\repository\commons-lang\commons-lang\2.6\commons-lang-2.6.jar;"/>
    <property name="java.vm.vendor" value="Oracle Corporation"/>
    <property name="sun.arch.data.model" value="64"/>
    <property name="user.variant" value=""/>
    <property name="java.vendor.url" value="http://java.oracle.com/"/>
    <property name="user.timezone" value="Europe/Athens"/>
    <property name="java.vm.specification.version" value="1.8"/>
    <property name="os.name" value="Windows 10"/>
    <property name="user.country" value="US"/>
    <property name="sun.java.launcher" value="SUN_STANDARD"/>
    <property name="sun.boot.library.path" value="C:\Program Files\Java\jdk1.8.0_181\jre\bin"/>
    <property name="sun.java.command" value="C:\Users\csoka\AppData\Local\Temp\surefire1566845507059924822\surefirebooter5946095491702915207.jar C:\Users\csoka\AppData\Local\Temp\surefire1566845507059924822 2019-04-17T11-01-42_926-jvmRun1 surefire8605442526546424646tmp surefire_0547583724272496629tmp"/>
    <property name="surefire.test.class.path" value="C:\Users\csoka\IdeaProjects\VVSS\target\test-classes;C:\Users\csoka\IdeaProjects\VVSS\target\classes;C:\Users\csoka\.m2\repository\junit\junit\4.11\junit-4.11.jar;C:\Users\csoka\.m2\repository\org\hamcrest\hamcrest-core\1.3\hamcrest-core-1.3.jar;C:\Users\csoka\.m2\repository\org\apache\maven\plugins\maven-surefire-report-plugin\3.0.0-M3\maven-surefire-report-plugin-3.0.0-M3.jar;C:\Users\csoka\.m2\repository\org\apache\maven\surefire\surefire-report-parser\3.0.0-M3\surefire-report-parser-3.0.0-M3.jar;C:\Users\csoka\.m2\repository\org\apache\maven\surefire\surefire-logger-api\3.0.0-M3\surefire-logger-api-3.0.0-M3.jar;C:\Users\csoka\.m2\repository\org\apache\maven\reporting\maven-reporting-api\3.0\maven-reporting-api-3.0.jar;C:\Users\csoka\.m2\repository\org\apache\maven\maven-plugin-api\3.0\maven-plugin-api-3.0.jar;C:\Users\csoka\.m2\repository\org\apache\maven\maven-model\3.0\maven-model-3.0.jar;C:\Users\csoka\.m2\repository\org\apache\maven\maven-artifact\3.0\maven-artifact-3.0.jar;C:\Users\csoka\.m2\repository\org\sonatype\sisu\sisu-inject-plexus\1.4.2\sisu-inject-plexus-1.4.2.jar;C:\Users\csoka\.m2\repository\org\codehaus\plexus\plexus-classworlds\2.2.3\plexus-classworlds-2.2.3.jar;C:\Users\csoka\.m2\repository\org\sonatype\sisu\sisu-inject-bean\1.4.2\sisu-inject-bean-1.4.2.jar;C:\Users\csoka\.m2\repository\org\sonatype\sisu\sisu-guice\2.1.7\sisu-guice-2.1.7-noaop.jar;C:\Users\csoka\.m2\repository\org\apache\maven\reporting\maven-reporting-impl\3.0.0\maven-reporting-impl-3.0.0.jar;C:\Users\csoka\.m2\repository\org\apache\maven\maven-core\3.0\maven-core-3.0.jar;C:\Users\csoka\.m2\repository\org\apache\maven\maven-settings\3.0\maven-settings-3.0.jar;C:\Users\csoka\.m2\repository\org\apache\maven\maven-settings-builder\3.0\maven-settings-builder-3.0.jar;C:\Users\csoka\.m2\repository\org\apache\maven\maven-repository-metadata\3.0\maven-repository-metadata-3.0.jar;C:\Users\csoka\.m2\repository\org\apache\maven\maven-model-builder\3.0\maven-model-builder-3.0.jar;C:\Users\csoka\.m2\repository\org\apache\maven\maven-aether-provider\3.0\maven-aether-provider-3.0.jar;C:\Users\csoka\.m2\repository\org\sonatype\aether\aether-impl\1.7\aether-impl-1.7.jar;C:\Users\csoka\.m2\repository\org\sonatype\aether\aether-spi\1.7\aether-spi-1.7.jar;C:\Users\csoka\.m2\repository\org\sonatype\aether\aether-api\1.7\aether-api-1.7.jar;C:\Users\csoka\.m2\repository\org\sonatype\aether\aether-util\1.7\aether-util-1.7.jar;C:\Users\csoka\.m2\repository\org\codehaus\plexus\plexus-interpolation\1.14\plexus-interpolation-1.14.jar;C:\Users\csoka\.m2\repository\org\sonatype\plexus\plexus-sec-dispatcher\1.3\plexus-sec-dispatcher-1.3.jar;C:\Users\csoka\.m2\repository\org\sonatype\plexus\plexus-cipher\1.4\plexus-cipher-1.4.jar;C:\Users\csoka\.m2\repository\org\apache\maven\shared\maven-shared-utils\3.2.0\maven-shared-utils-3.2.0.jar;C:\Users\csoka\.m2\repository\commons-io\commons-io\2.5\commons-io-2.5.jar;C:\Users\csoka\.m2\repository\org\codehaus\plexus\plexus-utils\3.0.24\plexus-utils-3.0.24.jar;C:\Users\csoka\.m2\repository\org\apache\maven\doxia\doxia-sink-api\1.8\doxia-sink-api-1.8.jar;C:\Users\csoka\.m2\repository\org\apache\maven\doxia\doxia-logging-api\1.8\doxia-logging-api-1.8.jar;C:\Users\csoka\.m2\repository\org\apache\maven\doxia\doxia-decoration-model\1.8.1\doxia-decoration-model-1.8.1.jar;C:\Users\csoka\.m2\repository\org\codehaus\plexus\plexus-component-annotations\1.6\plexus-component-annotations-1.6.jar;C:\Users\csoka\.m2\repository\org\apache\maven\doxia\doxia-core\1.8\doxia-core-1.8.jar;C:\Users\csoka\.m2\repository\org\codehaus\plexus\plexus-container-default\1.7.1\plexus-container-default-1.7.1.jar;C:\Users\csoka\.m2\repository\org\apache\xbean\xbean-reflect\3.7\xbean-reflect-3.7.jar;C:\Users\csoka\.m2\repository\com\google\collections\google-collections\1.0\google-collections-1.0.jar;C:\Users\csoka\.m2\repository\org\apache\commons\commons-lang3\3.5\commons-lang3-3.5.jar;C:\Users\csoka\.m2\repository\org\apache\httpcomponents\httpclient\4.0.2\httpclient-4.0.2.jar;C:\Users\csoka\.m2\repository\commons-logging\commons-logging\1.1.1\commons-logging-1.1.1.jar;C:\Users\csoka\.m2\repository\commons-codec\commons-codec\1.3\commons-codec-1.3.jar;C:\Users\csoka\.m2\repository\org\apache\httpcomponents\httpcore\4.0.1\httpcore-4.0.1.jar;C:\Users\csoka\.m2\repository\org\apache\maven\doxia\doxia-site-renderer\1.8.1\doxia-site-renderer-1.8.1.jar;C:\Users\csoka\.m2\repository\org\apache\maven\doxia\doxia-skin-model\1.8.1\doxia-skin-model-1.8.1.jar;C:\Users\csoka\.m2\repository\org\apache\maven\doxia\doxia-module-xhtml\1.8\doxia-module-xhtml-1.8.jar;C:\Users\csoka\.m2\repository\org\codehaus\plexus\plexus-i18n\1.0-beta-7\plexus-i18n-1.0-beta-7.jar;C:\Users\csoka\.m2\repository\org\codehaus\plexus\plexus-velocity\1.2\plexus-velocity-1.2.jar;C:\Users\csoka\.m2\repository\org\apache\velocity\velocity\1.7\velocity-1.7.jar;C:\Users\csoka\.m2\repository\org\apache\velocity\velocity-tools\2.0\velocity-tools-2.0.jar;C:\Users\csoka\.m2\repository\commons-beanutils\commons-beanutils\1.7.0\commons-beanutils-1.7.0.jar;C:\Users\csoka\.m2\repository\commons-digester\commons-digester\1.8\commons-digester-1.8.jar;C:\Users\csoka\.m2\repository\commons-chain\commons-chain\1.1\commons-chain-1.1.jar;C:\Users\csoka\.m2\repository\commons-validator\commons-validator\1.3.1\commons-validator-1.3.1.jar;C:\Users\csoka\.m2\repository\dom4j\dom4j\1.1\dom4j-1.1.jar;C:\Users\csoka\.m2\repository\oro\oro\2.0.8\oro-2.0.8.jar;C:\Users\csoka\.m2\repository\sslext\sslext\1.2-0\sslext-1.2-0.jar;C:\Users\csoka\.m2\repository\org\apache\struts\struts-core\1.3.8\struts-core-1.3.8.jar;C:\Users\csoka\.m2\repository\antlr\antlr\2.7.2\antlr-2.7.2.jar;C:\Users\csoka\.m2\repository\org\apache\struts\struts-taglib\1.3.8\struts-taglib-1.3.8.jar;C:\Users\csoka\.m2\repository\org\apache\struts\struts-tiles\1.3.8\struts-tiles-1.3.8.jar;C:\Users\csoka\.m2\repository\commons-collections\commons-collections\3.2.1\commons-collections-3.2.1.jar;C:\Users\csoka\.m2\repository\commons-lang\commons-lang\2.6\commons-lang-2.6.jar;"/>
    <property name="sun.cpu.endian" value="little"/>
    <property name="user.home" value="C:\Users\csoka"/>
    <property name="user.language" value="en"/>
    <property name="java.specification.vendor" value="Oracle Corporation"/>
    <property name="java.home" value="C:\Program Files\Java\jdk1.8.0_181\jre"/>
    <property name="basedir" value="C:\Users\csoka\IdeaProjects\VVSS"/>
    <property name="file.separator" value="\"/>
    <property name="line.separator" value="&#10;"/>
    <property name="java.vm.specification.vendor" value="Oracle Corporation"/>
    <property name="java.specification.name" value="Java Platform API Specification"/>
    <property name="java.awt.graphicsenv" value="sun.awt.Win32GraphicsEnvironment"/>
    <property name="surefire.real.class.path" value="C:\Users\csoka\AppData\Local\Temp\surefire1566845507059924822\surefirebooter5946095491702915207.jar"/>
    <property name="sun.boot.class.path" value="C:\Program Files\Java\jdk1.8.0_181\jre\lib\resources.jar;C:\Program Files\Java\jdk1.8.0_181\jre\lib\rt.jar;C:\Program Files\Java\jdk1.8.0_181\jre\lib\sunrsasign.jar;C:\Program Files\Java\jdk1.8.0_181\jre\lib\jsse.jar;C:\Program Files\Java\jdk1.8.0_181\jre\lib\jce.jar;C:\Program Files\Java\jdk1.8.0_181\jre\lib\charsets.jar;C:\Program Files\Java\jdk1.8.0_181\jre\lib\jfr.jar;C:\Program Files\Java\jdk1.8.0_181\jre\classes"/>
    <property name="user.script" value=""/>
    <property name="sun.management.compiler" value="HotSpot 64-Bit Tiered Compilers"/>
    <property name="java.runtime.version" value="1.8.0_181-b13"/>
    <property name="user.name" value="csoka"/>
    <property name="path.separator" value=";"/>
    <property name="os.version" value="10.0"/>
    <property name="java.endorsed.dirs" value="C:\Program Files\Java\jdk1.8.0_181\jre\lib\endorsed"/>
    <property name="java.runtime.name" value="Java(TM) SE Runtime Environment"/>
    <property name="file.encoding" value="Cp1252"/>
    <property name="java.vm.name" value="Java HotSpot(TM) 64-Bit Server VM"/>
    <property name="localRepository" value="C:\Users\csoka\.m2\repository"/>
    <property name="java.vendor.url.bug" value="http://bugreport.sun.com/bugreport/"/>
    <property name="java.io.tmpdir" value="C:\Users\csoka\AppData\Local\Temp\"/>
    <property name="idea.version" value="2018.2.4"/>
    <property name="java.version" value="1.8.0_181"/>
    <property name="user.dir" value="C:\Users\csoka\IdeaProjects\VVSS"/>
    <property name="os.arch" value="amd64"/>
    <property name="java.vm.specification.name" value="Java Virtual Machine Specification"/>
    <property name="java.awt.printerjob" value="sun.awt.windows.WPrinterJob"/>
    <property name="sun.os.patch.level" value=""/>
    <property name="java.library.path" value="C:\Program Files\Java\jdk1.8.0_181\jre\bin;C:\WINDOWS\Sun\Java\bin;C:\WINDOWS\system32;C:\WINDOWS;C:\Program Files\Microsoft HPC Pack 2016\Bin\;C:\Program Files\Microsoft MPI\Bin\;C:\Program Files (x86)\Common Files\Oracle\Java\javapath;C:\Program Files (x86)\Python37-32\Scripts\;C:\Program Files (x86)\Python37-32\;C:\Python27\;C:\Python27\Scripts;C:\WINDOWS\system32;C:\WINDOWS;C:\WINDOWS\System32\Wbem;C:\WINDOWS\System32\WindowsPowerShell\v1.0\;C:\WINDOWS\System32\OpenSSH\;C:\Program Files\Microsoft SQL Server\Client SDK\ODBC\130\Tools\Binn\;C:\Program Files (x86)\Microsoft SQL Server\140\Tools\Binn\;C:\Program Files\Microsoft SQL Server\140\Tools\Binn\;C:\Program Files\Microsoft SQL Server\140\DTS\Binn\;C:\Program Files (x86)\Microsoft SQL Server\Client SDK\ODBC\130\Tools\Binn\;C:\Program Files (x86)\Microsoft SQL Server\140\DTS\Binn\;C:\Program Files (x86)\Microsoft SQL Server\140\Tools\Binn\ManagementStudio\;C:\Program Files\Intel\WiFi\bin\;C:\Program Files\Common Files\Intel\WirelessCommon\;C:\Program Files\Git\cmd;C:\Program Files\nodejs\;C:\Program Files\dotnet\;C:\Program Files\Microsoft SQL Server\130\Tools\Binn\;C:\Program Files\NVIDIA Corporation\NVIDIA NvDLISR;C:\MinGW-0.6.3\bin\TDM-GCC-64\bin;C:\Program Files (x86)\NVIDIA Corporation\PhysX\Common;C:\Program Files (x86)\Windows Kits\10\Windows Performance Toolkit\;C:\Users\csoka\AppData\Local\Microsoft\WindowsApps;C:\Program Files\Intel\WiFi\bin\;C:\Program Files\Common Files\Intel\WirelessCommon\;C:\Users\csoka\AppData\Roaming\npm;C:\Users\csoka\AppData\Local\Programs\Microsoft VS Code\bin;C:\Flutter\flutter\bin;C:\Program Files (x86)\Java\jdk1.8.0_192\bin;C:\mpj\bin;C:\GnuWin32\bin;C:\Dev-Cpp\bin;C:\MinGW-0.6.3\bin\TDM-GCC-64\bin;;C:\Program Files\JetBrains\WebStorm 2018.3.5\bin;;."/>
    <property name="java.vm.info" value="mixed mode"/>
    <property name="java.vendor" value="Oracle Corporation"/>
    <property name="java.vm.version" value="25.181-b13"/>
    <property name="java.ext.dirs" value="C:\Program Files\Java\jdk1.8.0_181\jre\lib\ext;C:\WINDOWS\Sun\Java\lib\ext"/>
    <property name="sun.io.unicode.encoding" value="UnicodeLittle"/>
    <property name="java.class.version" value="52.0"/>
  </properties>
  <testcase name="addTheme" classname="Lab2Maven.AddTheme" time="0"/>
  <testcase name="checkDuplicates" classname="Lab2Maven.AddTheme" time="0"/>
  <testcase name="checkId" classname="Lab2Maven.AddTheme" time="0"/>
  <testcase name="checkDeadline" classname="Lab2Maven.AddTheme" time="0"/>
  <testcase name="checkSaptPrimire" classname="Lab2Maven.AddTheme" time="0"/>
</testsuite>